2025/04/01 00:15:07 listen tcp :8080: bind: address already in use
2025/04/01 00:15:17 listen tcp :8080: bind: address already in use
2025/04/01 12:44:43 suction
2025/04/01 13:41:35 misc
2025/04/01 21:50:27 misc
2025/04/02 15:56:41 misc
2025/04/02 17:41:15 suction
2025/04/02 20:36:44 suction
2025/04/02 22:23:02 bedtime
2025/04/03 12:25:48 misc
2025/04/03 20:46:35 misc
2025/04/03 22:20:14 suction
2025/04/03 22:47:36 suction
2025/04/04 00:57:52 getup
2025/04/04 13:07:42 suction
2025/04/04 17:50:12 misc
2025/04/04 18:15:46 misc
2025/04/04 19:18:49 misc
2025/04/04 20:16:06 shit
2025/04/04 21:54:05 misc
2025/04/04 21:55:22 misc
2025/04/04 21:55:50 misc
